2024-06-24 03:13:45 Error: [MissingDatasourceConfigException] The datasource configuration "default" was not found in database.php
Exception Attributes: array (
  'config' => 'default',
)
Request URL: /messageboard/
Stack Trace:
#0 /Applications/XAMPP/xamppfiles/htdocs/messageboard/lib/Cake/Model/ConnectionManager.php(91): ConnectionManager::_getConnectionObject('default')
#1 /Applications/XAMPP/xamppfiles/htdocs/messageboard/lib/Cake/Model/Model.php(3659): ConnectionManager::getDataSource('default')
#2 /Applications/XAMPP/xamppfiles/htdocs/messageboard/lib/Cake/Model/Model.php(1162): Model->setDataSource('default')
#3 /Applications/XAMPP/xamppfiles/htdocs/messageboard/lib/Cake/Model/Model.php(3686): Model->setSource('users')
#4 /Applications/XAMPP/xamppfiles/htdocs/messageboard/lib/Cake/Model/Model.php(1394): Model->getDataSource()
#5 /Applications/XAMPP/xamppfiles/htdocs/messageboard/lib/Cake/View/Helper/FormHelper.php(215): Model->schema()
#6 /Applications/XAMPP/xamppfiles/htdocs/messageboard/lib/Cake/View/Helper/FormHelper.php(480): FormHelper->_introspectModel('User', 'fields')
#7 /Applications/XAMPP/xamppfiles/htdocs/messageboard/app/View/Users/login.php(3): FormHelper->create('User', Array)
#8 /Applications/XAMPP/xamppfiles/htdocs/messageboard/lib/Cake/View/View.php(971): include('/Applications/X...')
#9 /Applications/XAMPP/xamppfiles/htdocs/messageboard/lib/Cake/View/View.php(933): View->_evaluate('/Applications/X...', Array)
#10 /Applications/XAMPP/xamppfiles/htdocs/messageboard/lib/Cake/View/View.php(473): View->_render('/Applications/X...')
#11 /Applications/XAMPP/xamppfiles/htdocs/messageboard/lib/Cake/Controller/Controller.php(968): View->render(NULL, NULL)
#12 /Applications/XAMPP/xamppfiles/htdocs/messageboard/lib/Cake/Routing/Dispatcher.php(200): Controller->render()
#13 /Applications/XAMPP/xamppfiles/htdocs/messageboard/lib/Cake/Routing/Dispatcher.php(167): Dispatcher->_invoke(Object(UsersController), Object(CakeRequest))
#14 /Applications/XAMPP/xamppfiles/htdocs/messageboard/app/webroot/index.php(117): Dispatcher->dispatch(Object(CakeRequest), Object(CakeResponse))
#15 {main}
2024-06-24 03:16:44 Error: [MissingConnectionException] Database connection "Mysql" is missing, or could not be created.
Exception Attributes: array (
  'class' => 'Mysql',
  'message' => 'SQLSTATE[HY000] [1044] Access denied for user \'\'@\'localhost\' to database \'messageboard\'',
  'enabled' => true,
)
Request URL: /messageboard/
Stack Trace:
#0 /Applications/XAMPP/xamppfiles/htdocs/messageboard/lib/Cake/Model/Datasource/DboSource.php(278): Mysql->connect()
#1 /Applications/XAMPP/xamppfiles/htdocs/messageboard/lib/Cake/Model/ConnectionManager.php(105): DboSource->__construct(Array)
#2 /Applications/XAMPP/xamppfiles/htdocs/messageboard/lib/Cake/Model/Model.php(3659): ConnectionManager::getDataSource('default')
#3 /Applications/XAMPP/xamppfiles/htdocs/messageboard/lib/Cake/Model/Model.php(1162): Model->setDataSource('default')
#4 /Applications/XAMPP/xamppfiles/htdocs/messageboard/lib/Cake/Model/Model.php(3686): Model->setSource('users')
#5 /Applications/XAMPP/xamppfiles/htdocs/messageboard/lib/Cake/Model/Model.php(1394): Model->getDataSource()
#6 /Applications/XAMPP/xamppfiles/htdocs/messageboard/lib/Cake/View/Helper/FormHelper.php(215): Model->schema()
#7 /Applications/XAMPP/xamppfiles/htdocs/messageboard/lib/Cake/View/Helper/FormHelper.php(480): FormHelper->_introspectModel('User', 'fields')
#8 /Applications/XAMPP/xamppfiles/htdocs/messageboard/app/View/Users/login.php(3): FormHelper->create('User', Array)
#9 /Applications/XAMPP/xamppfiles/htdocs/messageboard/lib/Cake/View/View.php(971): include('/Applications/X...')
#10 /Applications/XAMPP/xamppfiles/htdocs/messageboard/lib/Cake/View/View.php(933): View->_evaluate('/Applications/X...', Array)
#11 /Applications/XAMPP/xamppfiles/htdocs/messageboard/lib/Cake/View/View.php(473): View->_render('/Applications/X...')
#12 /Applications/XAMPP/xamppfiles/htdocs/messageboard/lib/Cake/Controller/Controller.php(968): View->render(NULL, NULL)
#13 /Applications/XAMPP/xamppfiles/htdocs/messageboard/lib/Cake/Routing/Dispatcher.php(200): Controller->render()
#14 /Applications/XAMPP/xamppfiles/htdocs/messageboard/lib/Cake/Routing/Dispatcher.php(167): Dispatcher->_invoke(Object(UsersController), Object(CakeRequest))
#15 /Applications/XAMPP/xamppfiles/htdocs/messageboard/app/webroot/index.php(117): Dispatcher->dispatch(Object(CakeRequest), Object(CakeResponse))
#16 {main}
2024-06-24 03:16:45 Error: [MissingConnectionException] Database connection "Mysql" is missing, or could not be created.
Exception Attributes: array (
  'class' => 'Mysql',
  'message' => 'SQLSTATE[HY000] [1044] Access denied for user \'\'@\'localhost\' to database \'messageboard\'',
  'enabled' => true,
)
Request URL: /messageboard/
Stack Trace:
#0 /Applications/XAMPP/xamppfiles/htdocs/messageboard/lib/Cake/Model/Datasource/DboSource.php(278): Mysql->connect()
#1 /Applications/XAMPP/xamppfiles/htdocs/messageboard/lib/Cake/Model/ConnectionManager.php(105): DboSource->__construct(Array)
#2 /Applications/XAMPP/xamppfiles/htdocs/messageboard/lib/Cake/Model/Model.php(3659): ConnectionManager::getDataSource('default')
#3 /Applications/XAMPP/xamppfiles/htdocs/messageboard/lib/Cake/Model/Model.php(1162): Model->setDataSource('default')
#4 /Applications/XAMPP/xamppfiles/htdocs/messageboard/lib/Cake/Model/Model.php(3686): Model->setSource('users')
#5 /Applications/XAMPP/xamppfiles/htdocs/messageboard/lib/Cake/Model/Model.php(1394): Model->getDataSource()
#6 /Applications/XAMPP/xamppfiles/htdocs/messageboard/lib/Cake/View/Helper/FormHelper.php(215): Model->schema()
#7 /Applications/XAMPP/xamppfiles/htdocs/messageboard/lib/Cake/View/Helper/FormHelper.php(480): FormHelper->_introspectModel('User', 'fields')
#8 /Applications/XAMPP/xamppfiles/htdocs/messageboard/app/View/Users/login.php(3): FormHelper->create('User', Array)
#9 /Applications/XAMPP/xamppfiles/htdocs/messageboard/lib/Cake/View/View.php(971): include('/Applications/X...')
#10 /Applications/XAMPP/xamppfiles/htdocs/messageboard/lib/Cake/View/View.php(933): View->_evaluate('/Applications/X...', Array)
#11 /Applications/XAMPP/xamppfiles/htdocs/messageboard/lib/Cake/View/View.php(473): View->_render('/Applications/X...')
#12 /Applications/XAMPP/xamppfiles/htdocs/messageboard/lib/Cake/Controller/Controller.php(968): View->render(NULL, NULL)
#13 /Applications/XAMPP/xamppfiles/htdocs/messageboard/lib/Cake/Routing/Dispatcher.php(200): Controller->render()
#14 /Applications/XAMPP/xamppfiles/htdocs/messageboard/lib/Cake/Routing/Dispatcher.php(167): Dispatcher->_invoke(Object(UsersController), Object(CakeRequest))
#15 /Applications/XAMPP/xamppfiles/htdocs/messageboard/app/webroot/index.php(117): Dispatcher->dispatch(Object(CakeRequest), Object(CakeResponse))
#16 {main}
2024-06-24 03:16:46 Error: [MissingConnectionException] Database connection "Mysql" is missing, or could not be created.
Exception Attributes: array (
  'class' => 'Mysql',
  'message' => 'SQLSTATE[HY000] [1044] Access denied for user \'\'@\'localhost\' to database \'messageboard\'',
  'enabled' => true,
)
Request URL: /messageboard/
Stack Trace:
#0 /Applications/XAMPP/xamppfiles/htdocs/messageboard/lib/Cake/Model/Datasource/DboSource.php(278): Mysql->connect()
#1 /Applications/XAMPP/xamppfiles/htdocs/messageboard/lib/Cake/Model/ConnectionManager.php(105): DboSource->__construct(Array)
#2 /Applications/XAMPP/xamppfiles/htdocs/messageboard/lib/Cake/Model/Model.php(3659): ConnectionManager::getDataSource('default')
#3 /Applications/XAMPP/xamppfiles/htdocs/messageboard/lib/Cake/Model/Model.php(1162): Model->setDataSource('default')
#4 /Applications/XAMPP/xamppfiles/htdocs/messageboard/lib/Cake/Model/Model.php(3686): Model->setSource('users')
#5 /Applications/XAMPP/xamppfiles/htdocs/messageboard/lib/Cake/Model/Model.php(1394): Model->getDataSource()
#6 /Applications/XAMPP/xamppfiles/htdocs/messageboard/lib/Cake/View/Helper/FormHelper.php(215): Model->schema()
#7 /Applications/XAMPP/xamppfiles/htdocs/messageboard/lib/Cake/View/Helper/FormHelper.php(480): FormHelper->_introspectModel('User', 'fields')
#8 /Applications/XAMPP/xamppfiles/htdocs/messageboard/app/View/Users/login.php(3): FormHelper->create('User', Array)
#9 /Applications/XAMPP/xamppfiles/htdocs/messageboard/lib/Cake/View/View.php(971): include('/Applications/X...')
#10 /Applications/XAMPP/xamppfiles/htdocs/messageboard/lib/Cake/View/View.php(933): View->_evaluate('/Applications/X...', Array)
#11 /Applications/XAMPP/xamppfiles/htdocs/messageboard/lib/Cake/View/View.php(473): View->_render('/Applications/X...')
#12 /Applications/XAMPP/xamppfiles/htdocs/messageboard/lib/Cake/Controller/Controller.php(968): View->render(NULL, NULL)
#13 /Applications/XAMPP/xamppfiles/htdocs/messageboard/lib/Cake/Routing/Dispatcher.php(200): Controller->render()
#14 /Applications/XAMPP/xamppfiles/htdocs/messageboard/lib/Cake/Routing/Dispatcher.php(167): Dispatcher->_invoke(Object(UsersController), Object(CakeRequest))
#15 /Applications/XAMPP/xamppfiles/htdocs/messageboard/app/webroot/index.php(117): Dispatcher->dispatch(Object(CakeRequest), Object(CakeResponse))
#16 {main}
2024-06-24 03:16:47 Error: [MissingConnectionException] Database connection "Mysql" is missing, or could not be created.
Exception Attributes: array (
  'class' => 'Mysql',
  'message' => 'SQLSTATE[HY000] [1044] Access denied for user \'\'@\'localhost\' to database \'messageboard\'',
  'enabled' => true,
)
Request URL: /messageboard/
Stack Trace:
#0 /Applications/XAMPP/xamppfiles/htdocs/messageboard/lib/Cake/Model/Datasource/DboSource.php(278): Mysql->connect()
#1 /Applications/XAMPP/xamppfiles/htdocs/messageboard/lib/Cake/Model/ConnectionManager.php(105): DboSource->__construct(Array)
#2 /Applications/XAMPP/xamppfiles/htdocs/messageboard/lib/Cake/Model/Model.php(3659): ConnectionManager::getDataSource('default')
#3 /Applications/XAMPP/xamppfiles/htdocs/messageboard/lib/Cake/Model/Model.php(1162): Model->setDataSource('default')
#4 /Applications/XAMPP/xamppfiles/htdocs/messageboard/lib/Cake/Model/Model.php(3686): Model->setSource('users')
#5 /Applications/XAMPP/xamppfiles/htdocs/messageboard/lib/Cake/Model/Model.php(1394): Model->getDataSource()
#6 /Applications/XAMPP/xamppfiles/htdocs/messageboard/lib/Cake/View/Helper/FormHelper.php(215): Model->schema()
#7 /Applications/XAMPP/xamppfiles/htdocs/messageboard/lib/Cake/View/Helper/FormHelper.php(480): FormHelper->_introspectModel('User', 'fields')
#8 /Applications/XAMPP/xamppfiles/htdocs/messageboard/app/View/Users/login.php(3): FormHelper->create('User', Array)
#9 /Applications/XAMPP/xamppfiles/htdocs/messageboard/lib/Cake/View/View.php(971): include('/Applications/X...')
#10 /Applications/XAMPP/xamppfiles/htdocs/messageboard/lib/Cake/View/View.php(933): View->_evaluate('/Applications/X...', Array)
#11 /Applications/XAMPP/xamppfiles/htdocs/messageboard/lib/Cake/View/View.php(473): View->_render('/Applications/X...')
#12 /Applications/XAMPP/xamppfiles/htdocs/messageboard/lib/Cake/Controller/Controller.php(968): View->render(NULL, NULL)
#13 /Applications/XAMPP/xamppfiles/htdocs/messageboard/lib/Cake/Routing/Dispatcher.php(200): Controller->render()
#14 /Applications/XAMPP/xamppfiles/htdocs/messageboard/lib/Cake/Routing/Dispatcher.php(167): Dispatcher->_invoke(Object(UsersController), Object(CakeRequest))
#15 /Applications/XAMPP/xamppfiles/htdocs/messageboard/app/webroot/index.php(117): Dispatcher->dispatch(Object(CakeRequest), Object(CakeResponse))
#16 {main}
2024-06-24 03:16:47 Error: [MissingConnectionException] Database connection "Mysql" is missing, or could not be created.
Exception Attributes: array (
  'class' => 'Mysql',
  'message' => 'SQLSTATE[HY000] [1044] Access denied for user \'\'@\'localhost\' to database \'messageboard\'',
  'enabled' => true,
)
Request URL: /messageboard/
Stack Trace:
#0 /Applications/XAMPP/xamppfiles/htdocs/messageboard/lib/Cake/Model/Datasource/DboSource.php(278): Mysql->connect()
#1 /Applications/XAMPP/xamppfiles/htdocs/messageboard/lib/Cake/Model/ConnectionManager.php(105): DboSource->__construct(Array)
#2 /Applications/XAMPP/xamppfiles/htdocs/messageboard/lib/Cake/Model/Model.php(3659): ConnectionManager::getDataSource('default')
#3 /Applications/XAMPP/xamppfiles/htdocs/messageboard/lib/Cake/Model/Model.php(1162): Model->setDataSource('default')
#4 /Applications/XAMPP/xamppfiles/htdocs/messageboard/lib/Cake/Model/Model.php(3686): Model->setSource('users')
#5 /Applications/XAMPP/xamppfiles/htdocs/messageboard/lib/Cake/Model/Model.php(1394): Model->getDataSource()
#6 /Applications/XAMPP/xamppfiles/htdocs/messageboard/lib/Cake/View/Helper/FormHelper.php(215): Model->schema()
#7 /Applications/XAMPP/xamppfiles/htdocs/messageboard/lib/Cake/View/Helper/FormHelper.php(480): FormHelper->_introspectModel('User', 'fields')
#8 /Applications/XAMPP/xamppfiles/htdocs/messageboard/app/View/Users/login.php(3): FormHelper->create('User', Array)
#9 /Applications/XAMPP/xamppfiles/htdocs/messageboard/lib/Cake/View/View.php(971): include('/Applications/X...')
#10 /Applications/XAMPP/xamppfiles/htdocs/messageboard/lib/Cake/View/View.php(933): View->_evaluate('/Applications/X...', Array)
#11 /Applications/XAMPP/xamppfiles/htdocs/messageboard/lib/Cake/View/View.php(473): View->_render('/Applications/X...')
#12 /Applications/XAMPP/xamppfiles/htdocs/messageboard/lib/Cake/Controller/Controller.php(968): View->render(NULL, NULL)
#13 /Applications/XAMPP/xamppfiles/htdocs/messageboard/lib/Cake/Routing/Dispatcher.php(200): Controller->render()
#14 /Applications/XAMPP/xamppfiles/htdocs/messageboard/lib/Cake/Routing/Dispatcher.php(167): Dispatcher->_invoke(Object(UsersController), Object(CakeRequest))
#15 /Applications/XAMPP/xamppfiles/htdocs/messageboard/app/webroot/index.php(117): Dispatcher->dispatch(Object(CakeRequest), Object(CakeResponse))
#16 {main}
2024-06-24 03:16:48 Error: [MissingConnectionException] Database connection "Mysql" is missing, or could not be created.
Exception Attributes: array (
  'class' => 'Mysql',
  'message' => 'SQLSTATE[HY000] [1044] Access denied for user \'\'@\'localhost\' to database \'messageboard\'',
  'enabled' => true,
)
Request URL: /messageboard/
Stack Trace:
#0 /Applications/XAMPP/xamppfiles/htdocs/messageboard/lib/Cake/Model/Datasource/DboSource.php(278): Mysql->connect()
#1 /Applications/XAMPP/xamppfiles/htdocs/messageboard/lib/Cake/Model/ConnectionManager.php(105): DboSource->__construct(Array)
#2 /Applications/XAMPP/xamppfiles/htdocs/messageboard/lib/Cake/Model/Model.php(3659): ConnectionManager::getDataSource('default')
#3 /Applications/XAMPP/xamppfiles/htdocs/messageboard/lib/Cake/Model/Model.php(1162): Model->setDataSource('default')
#4 /Applications/XAMPP/xamppfiles/htdocs/messageboard/lib/Cake/Model/Model.php(3686): Model->setSource('users')
#5 /Applications/XAMPP/xamppfiles/htdocs/messageboard/lib/Cake/Model/Model.php(1394): Model->getDataSource()
#6 /Applications/XAMPP/xamppfiles/htdocs/messageboard/lib/Cake/View/Helper/FormHelper.php(215): Model->schema()
#7 /Applications/XAMPP/xamppfiles/htdocs/messageboard/lib/Cake/View/Helper/FormHelper.php(480): FormHelper->_introspectModel('User', 'fields')
#8 /Applications/XAMPP/xamppfiles/htdocs/messageboard/app/View/Users/login.php(3): FormHelper->create('User', Array)
#9 /Applications/XAMPP/xamppfiles/htdocs/messageboard/lib/Cake/View/View.php(971): include('/Applications/X...')
#10 /Applications/XAMPP/xamppfiles/htdocs/messageboard/lib/Cake/View/View.php(933): View->_evaluate('/Applications/X...', Array)
#11 /Applications/XAMPP/xamppfiles/htdocs/messageboard/lib/Cake/View/View.php(473): View->_render('/Applications/X...')
#12 /Applications/XAMPP/xamppfiles/htdocs/messageboard/lib/Cake/Controller/Controller.php(968): View->render(NULL, NULL)
#13 /Applications/XAMPP/xamppfiles/htdocs/messageboard/lib/Cake/Routing/Dispatcher.php(200): Controller->render()
#14 /Applications/XAMPP/xamppfiles/htdocs/messageboard/lib/Cake/Routing/Dispatcher.php(167): Dispatcher->_invoke(Object(UsersController), Object(CakeRequest))
#15 /Applications/XAMPP/xamppfiles/htdocs/messageboard/app/webroot/index.php(117): Dispatcher->dispatch(Object(CakeRequest), Object(CakeResponse))
#16 {main}
2024-06-24 03:16:48 Error: [MissingConnectionException] Database connection "Mysql" is missing, or could not be created.
Exception Attributes: array (
  'class' => 'Mysql',
  'message' => 'SQLSTATE[HY000] [1044] Access denied for user \'\'@\'localhost\' to database \'messageboard\'',
  'enabled' => true,
)
Request URL: /messageboard/
Stack Trace:
#0 /Applications/XAMPP/xamppfiles/htdocs/messageboard/lib/Cake/Model/Datasource/DboSource.php(278): Mysql->connect()
#1 /Applications/XAMPP/xamppfiles/htdocs/messageboard/lib/Cake/Model/ConnectionManager.php(105): DboSource->__construct(Array)
#2 /Applications/XAMPP/xamppfiles/htdocs/messageboard/lib/Cake/Model/Model.php(3659): ConnectionManager::getDataSource('default')
#3 /Applications/XAMPP/xamppfiles/htdocs/messageboard/lib/Cake/Model/Model.php(1162): Model->setDataSource('default')
#4 /Applications/XAMPP/xamppfiles/htdocs/messageboard/lib/Cake/Model/Model.php(3686): Model->setSource('users')
#5 /Applications/XAMPP/xamppfiles/htdocs/messageboard/lib/Cake/Model/Model.php(1394): Model->getDataSource()
#6 /Applications/XAMPP/xamppfiles/htdocs/messageboard/lib/Cake/View/Helper/FormHelper.php(215): Model->schema()
#7 /Applications/XAMPP/xamppfiles/htdocs/messageboard/lib/Cake/View/Helper/FormHelper.php(480): FormHelper->_introspectModel('User', 'fields')
#8 /Applications/XAMPP/xamppfiles/htdocs/messageboard/app/View/Users/login.php(3): FormHelper->create('User', Array)
#9 /Applications/XAMPP/xamppfiles/htdocs/messageboard/lib/Cake/View/View.php(971): include('/Applications/X...')
#10 /Applications/XAMPP/xamppfiles/htdocs/messageboard/lib/Cake/View/View.php(933): View->_evaluate('/Applications/X...', Array)
#11 /Applications/XAMPP/xamppfiles/htdocs/messageboard/lib/Cake/View/View.php(473): View->_render('/Applications/X...')
#12 /Applications/XAMPP/xamppfiles/htdocs/messageboard/lib/Cake/Controller/Controller.php(968): View->render(NULL, NULL)
#13 /Applications/XAMPP/xamppfiles/htdocs/messageboard/lib/Cake/Routing/Dispatcher.php(200): Controller->render()
#14 /Applications/XAMPP/xamppfiles/htdocs/messageboard/lib/Cake/Routing/Dispatcher.php(167): Dispatcher->_invoke(Object(UsersController), Object(CakeRequest))
#15 /Applications/XAMPP/xamppfiles/htdocs/messageboard/app/webroot/index.php(117): Dispatcher->dispatch(Object(CakeRequest), Object(CakeResponse))
#16 {main}
2024-06-24 03:16:49 Error: [MissingConnectionException] Database connection "Mysql" is missing, or could not be created.
Exception Attributes: array (
  'class' => 'Mysql',
  'message' => 'SQLSTATE[HY000] [1044] Access denied for user \'\'@\'localhost\' to database \'messageboard\'',
  'enabled' => true,
)
Request URL: /messageboard/
Stack Trace:
#0 /Applications/XAMPP/xamppfiles/htdocs/messageboard/lib/Cake/Model/Datasource/DboSource.php(278): Mysql->connect()
#1 /Applications/XAMPP/xamppfiles/htdocs/messageboard/lib/Cake/Model/ConnectionManager.php(105): DboSource->__construct(Array)
#2 /Applications/XAMPP/xamppfiles/htdocs/messageboard/lib/Cake/Model/Model.php(3659): ConnectionManager::getDataSource('default')
#3 /Applications/XAMPP/xamppfiles/htdocs/messageboard/lib/Cake/Model/Model.php(1162): Model->setDataSource('default')
#4 /Applications/XAMPP/xamppfiles/htdocs/messageboard/lib/Cake/Model/Model.php(3686): Model->setSource('users')
#5 /Applications/XAMPP/xamppfiles/htdocs/messageboard/lib/Cake/Model/Model.php(1394): Model->getDataSource()
#6 /Applications/XAMPP/xamppfiles/htdocs/messageboard/lib/Cake/View/Helper/FormHelper.php(215): Model->schema()
#7 /Applications/XAMPP/xamppfiles/htdocs/messageboard/lib/Cake/View/Helper/FormHelper.php(480): FormHelper->_introspectModel('User', 'fields')
#8 /Applications/XAMPP/xamppfiles/htdocs/messageboard/app/View/Users/login.php(3): FormHelper->create('User', Array)
#9 /Applications/XAMPP/xamppfiles/htdocs/messageboard/lib/Cake/View/View.php(971): include('/Applications/X...')
#10 /Applications/XAMPP/xamppfiles/htdocs/messageboard/lib/Cake/View/View.php(933): View->_evaluate('/Applications/X...', Array)
#11 /Applications/XAMPP/xamppfiles/htdocs/messageboard/lib/Cake/View/View.php(473): View->_render('/Applications/X...')
#12 /Applications/XAMPP/xamppfiles/htdocs/messageboard/lib/Cake/Controller/Controller.php(968): View->render(NULL, NULL)
#13 /Applications/XAMPP/xamppfiles/htdocs/messageboard/lib/Cake/Routing/Dispatcher.php(200): Controller->render()
#14 /Applications/XAMPP/xamppfiles/htdocs/messageboard/lib/Cake/Routing/Dispatcher.php(167): Dispatcher->_invoke(Object(UsersController), Object(CakeRequest))
#15 /Applications/XAMPP/xamppfiles/htdocs/messageboard/app/webroot/index.php(117): Dispatcher->dispatch(Object(CakeRequest), Object(CakeResponse))
#16 {main}
2024-06-24 03:16:49 Error: [MissingConnectionException] Database connection "Mysql" is missing, or could not be created.
Exception Attributes: array (
  'class' => 'Mysql',
  'message' => 'SQLSTATE[HY000] [1044] Access denied for user \'\'@\'localhost\' to database \'messageboard\'',
  'enabled' => true,
)
Request URL: /messageboard/
Stack Trace:
#0 /Applications/XAMPP/xamppfiles/htdocs/messageboard/lib/Cake/Model/Datasource/DboSource.php(278): Mysql->connect()
#1 /Applications/XAMPP/xamppfiles/htdocs/messageboard/lib/Cake/Model/ConnectionManager.php(105): DboSource->__construct(Array)
#2 /Applications/XAMPP/xamppfiles/htdocs/messageboard/lib/Cake/Model/Model.php(3659): ConnectionManager::getDataSource('default')
#3 /Applications/XAMPP/xamppfiles/htdocs/messageboard/lib/Cake/Model/Model.php(1162): Model->setDataSource('default')
#4 /Applications/XAMPP/xamppfiles/htdocs/messageboard/lib/Cake/Model/Model.php(3686): Model->setSource('users')
#5 /Applications/XAMPP/xamppfiles/htdocs/messageboard/lib/Cake/Model/Model.php(1394): Model->getDataSource()
#6 /Applications/XAMPP/xamppfiles/htdocs/messageboard/lib/Cake/View/Helper/FormHelper.php(215): Model->schema()
#7 /Applications/XAMPP/xamppfiles/htdocs/messageboard/lib/Cake/View/Helper/FormHelper.php(480): FormHelper->_introspectModel('User', 'fields')
#8 /Applications/XAMPP/xamppfiles/htdocs/messageboard/app/View/Users/login.php(3): FormHelper->create('User', Array)
#9 /Applications/XAMPP/xamppfiles/htdocs/messageboard/lib/Cake/View/View.php(971): include('/Applications/X...')
#10 /Applications/XAMPP/xamppfiles/htdocs/messageboard/lib/Cake/View/View.php(933): View->_evaluate('/Applications/X...', Array)
#11 /Applications/XAMPP/xamppfiles/htdocs/messageboard/lib/Cake/View/View.php(473): View->_render('/Applications/X...')
#12 /Applications/XAMPP/xamppfiles/htdocs/messageboard/lib/Cake/Controller/Controller.php(968): View->render(NULL, NULL)
#13 /Applications/XAMPP/xamppfiles/htdocs/messageboard/lib/Cake/Routing/Dispatcher.php(200): Controller->render()
#14 /Applications/XAMPP/xamppfiles/htdocs/messageboard/lib/Cake/Routing/Dispatcher.php(167): Dispatcher->_invoke(Object(UsersController), Object(CakeRequest))
#15 /Applications/XAMPP/xamppfiles/htdocs/messageboard/app/webroot/index.php(117): Dispatcher->dispatch(Object(CakeRequest), Object(CakeResponse))
#16 {main}
2024-06-24 07:49:50 Error: [MissingActionException] Action MessagesController::get_message() could not be found.
Exception Attributes: array (
  'controller' => 'MessagesController',
  'action' => 'get_message',
)
Request URL: /messageboard/messages/get_message
Stack Trace:
#0 /Applications/XAMPP/xamppfiles/htdocs/messageboard/lib/Cake/Routing/Dispatcher.php(193): Controller->invokeAction(Object(CakeRequest))
#1 /Applications/XAMPP/xamppfiles/htdocs/messageboard/lib/Cake/Routing/Dispatcher.php(167): Dispatcher->_invoke(Object(MessagesController), Object(CakeRequest))
#2 /Applications/XAMPP/xamppfiles/htdocs/messageboard/app/webroot/index.php(117): Dispatcher->dispatch(Object(CakeRequest), Object(CakeResponse))
#3 {main}
